09:36:23 | Jon | Saioa hasi du sisteman. Erabiltzailea: Jon
09:36:24 | Jon | Mahai zerrenda kontsultatu da (Data: 2026-04-20, Txanda: Bazkaria)
09:36:24 | Jon | Erreserbak dataren arabera kontsultatu dira. Data: 2026-04-20
09:36:24 | Jon | Mahai zerrenda kontsultatu da (Data: 2026-04-20, Txanda: Bazkaria)
09:36:24 | Jon | Erreserbak dataren arabera kontsultatu dira. Data: 2026-04-20
09:36:27 | Jon | Erreserbak dataren arabera kontsultatu dira. Data: 2026-04-20
09:36:27 | Jon | Mahai zerrenda kontsultatu da
09:36:27 | Jon | Erreserbak dataren arabera kontsultatu dira. Data: 2026-04-20
09:36:37 | Jon | Mahai zerrenda kontsultatu da
09:36:37 | Jon | Erreserbak dataren arabera kontsultatu dira. Data: 2026-04-20
09:36:40 | Jon | Erreserba sortu da
09:36:40 | Jon | Mahaiak erreserbari lotu zaizkio
09:36:41 | Jon | Erreserbak dataren arabera kontsultatu dira. Data: 2026-04-20
09:36:41 | Jon | Mahai zerrenda kontsultatu da
09:36:41 | Jon | Erreserbak dataren arabera kontsultatu dira. Data: 2026-04-20
09:36:41 | Jon | Erreserbako mahaiak kontsultatu dira. Erreserba IDa: 6
09:36:42 | Jon | Mahai zerrenda kontsultatu da (Data: 2026-04-20, Txanda: Bazkaria)
09:36:42 | Jon | Erreserbak dataren arabera kontsultatu dira. Data: 2026-04-20
09:36:42 | Jon | Mahai zerrenda kontsultatu da (Data: 2026-04-20, Txanda: Bazkaria)
09:36:42 | Jon | Erreserbak dataren arabera kontsultatu dira. Data: 2026-04-20
09:36:44 | Jon | Mahaiaren informazioa kontsultatu da. Mahaia IDa: 2 (Data: 2026-04-20, Txanda: Bazkaria)
09:36:44 | Jon | Mahai honek ez dauka eskaera aktiborik. Mahaia: 2
09:36:44 | Jon | Produktuak zerrenda kontsultatu da
09:36:44 | Jon | Kategoriak zerrenda kontsultatu da
09:36:44 | Jon | Mahai honek ez dauka eskaera aktiborik. Mahaia: 2
09:36:50 | Jon | Eskaera berria sortu da. Mahaia: 2, Komentsalak: 5, Produktuak: 1x1, 68x1, 45x1, 66x1
09:36:51 | Jon | Produktuak zerrenda kontsultatu da
09:36:51 | Jon | Mahaiaren eskaera aktiboa kontsultatu da. Mahaia: 2
09:36:51 | Jon | Eskaeraren produktuak kontsultatu dira. Eskaera IDa: 9
09:36:53 | Jon | Eskaera eguneratu da. Eskaera IDa: 9, Komentsalak: 5, Produktuak: 1x1, 68x1, 45x1
09:36:54 | Jon | Produktuak zerrenda kontsultatu da
09:36:54 | Jon | Mahaiaren eskaera aktiboa kontsultatu da. Mahaia: 2
09:36:54 | Jon | Eskaeraren produktuak kontsultatu dira. Eskaera IDa: 9
09:36:55 | Jon | Eskaera ordainketara bidali da. Eskaera IDa: 9
